# JRE version: OpenJDK Runtime Environment Temurin-17.0.7+7 (17.0.7+7) (build 17.0.7+7)
# Java VM: OpenJDK 64-Bit Server VM Temurin-17.0.7+7 (17.0.7+7, mixed mode, emulated-client, tiered, compressed oops, compressed class ptrs, g1 gc, windows-amd64)
GC Precious Log:
 CPUs: 4 total, 4 available
 Memory: 16264M
 Large Page Support: Disabled
 NUMA Support: Disabled
 Compressed Oops: Enabled (32-bit)
 Heap Region Size: 1M
 Heap Min Capacity: 8M
 Heap Initial Capacity: 256M
 Heap Max Capacity: 1G
 Pre-touch: Disabled
 Parallel Workers: 4
 Concurrent Workers: 1
 Concurrent Refinement Workers: 4
 Periodic GC: Disabled
Heap:
 garbage-first heap   total 130048K, used 44718K [0x00000000c0000000, 0x0000000100000000)
  region size 1024K, 1 young (1024K), 0 survivors (0K)
 Metaspace       used 66819K, committed 67328K, reserved 1114112K
  class space    used 9067K, committed 9280K, reserved 1048576K
GC Heap History (20 events):
Event: 30275.559 GC heap before
{Heap before GC invocations=2899 (full 2822):
 garbage-first heap   total 130048K, used 44718K [0x00000000c0000000, 0x0000000100000000)
  region size 1024K, 1 young (1024K), 0 survivors (0K)
 Metaspace       used 66819K, committed 67328K, reserved 1114112K
  class space    used 9067K, committed 9280K, reserved 1048576K
}
Event: 30275.611 GC heap after
{Heap after GC invocations=2900 (full 2823):
 garbage-first heap   total 130048K, used 44718K [0x00000000c0000000, 0x0000000100000000)
  region size 1024K, 0 young (0K), 0 survivors (0K)
 Metaspace       used 66819K, committed 67328K, reserved 1114112K
  class space    used 9067K, committed 9280K, reserved 1048576K
}
Event: 30286.046 GC heap before
{Heap before GC invocations=2900 (full 2823):
 garbage-first heap   total 130048K, used 44718K [0x00000000c0000000, 0x0000000100000000)
  region size 1024K, 1 young (1024K), 0 survivors (0K)
 Metaspace       used 66819K, committed 67328K, reserved 1114112K
  class space    used 9067K, committed 9280K, reserved 1048576K
}
Event: 30286.100 GC heap after
{Heap after GC invocations=2901 (full 2824):
 garbage-first heap   total 130048K, used 44718K [0x00000000c0000000, 0x0000000100000000)
  region size 1024K, 0 young (0K), 0 survivors (0K)
 Metaspace       used 66819K, committed 67328K, reserved 1114112K
  class space    used 9067K, committed 9280K, reserved 1048576K
}
Event: 30297.113 GC heap before
{Heap before GC invocations=2901 (full 2824):
 garbage-first heap   total 130048K, used 44718K [0x00000000c0000000, 0x0000000100000000)
  region size 1024K, 1 young (1024K), 0 survivors (0K)
 Metaspace       used 66819K, committed 67328K, reserved 1114112K
  class space    used 9067K, committed 9280K, reserved 1048576K
}
Event: 30297.167 GC heap after
{Heap after GC invocations=2902 (full 2825):
 garbage-first heap   total 130048K, used 44718K [0x00000000c0000000, 0x0000000100000000)
  region size 1024K, 0 young (0K), 0 survivors (0K)
 Metaspace       used 66819K, committed 67328K, reserved 1114112K
  class space    used 9067K, committed 9280K, reserved 1048576K
}
Event: 30307.732 GC heap before
{Heap before GC invocations=2902 (full 2825):
 garbage-first heap   total 130048K, used 44718K [0x00000000c0000000, 0x0000000100000000)
  region size 1024K, 1 young (1024K), 0 survivors (0K)
 Metaspace       used 66819K, committed 67328K, reserved 1114112K
  class space    used 9067K, committed 9280K, reserved 1048576K
}
Event: 30307.786 GC heap after
{Heap after GC invocations=2903 (full 2826):
 garbage-first heap   total 130048K, used 44718K [0x00000000c0000000, 0x0000000100000000)
  region size 1024K, 0 young (0K), 0 survivors (0K)
 Metaspace       used 66819K, committed 67328K, reserved 1114112K
  class space    used 9067K, committed 9280K, reserved 1048576K
}
Event: 30318.242 GC heap before
{Heap before GC invocations=2903 (full 2826):
 garbage-first heap   total 130048K, used 44718K [0x00000000c0000000, 0x0000000100000000)
  region size 1024K, 1 young (1024K), 0 survivors (0K)
 Metaspace       used 66819K, committed 67328K, reserved 1114112K
  class space    used 9067K, committed 9280K, reserved 1048576K
}
Event: 30318.297 GC heap after
{Heap after GC invocations=2904 (full 2827):
 garbage-first heap   total 130048K, used 44718K [0x00000000c0000000, 0x0000000100000000)
  region size 1024K, 0 young (0K), 0 survivors (0K)
 Metaspace       used 66819K, committed 67328K, reserved 1114112K
  class space    used 9067K, committed 9280K, reserved 1048576K
}
Event: 30328.746 GC heap before
{Heap before GC invocations=2904 (full 2827):
 garbage-first heap   total 130048K, used 44718K [0x00000000c0000000, 0x0000000100000000)
  region size 1024K, 1 young (1024K), 0 survivors (0K)
 Metaspace       used 66819K, committed 67328K, reserved 1114112K
  class space    used 9067K, committed 9280K, reserved 1048576K
}
Event: 30328.801 GC heap after
{Heap after GC invocations=2905 (full 2828):
 garbage-first heap   total 130048K, used 44718K [0x00000000c0000000, 0x0000000100000000)
  region size 1024K, 0 young (0K), 0 survivors (0K)
 Metaspace       used 66819K, committed 67328K, reserved 1114112K
  class space    used 9067K, committed 9280K, reserved 1048576K
}
Event: 30339.556 GC heap before
{Heap before GC invocations=2905 (full 2828):
 garbage-first heap   total 130048K, used 44718K [0x00000000c0000000, 0x0000000100000000)
  region size 1024K, 1 young (1024K), 0 survivors (0K)
 Metaspace       used 66819K, committed 67328K, reserved 1114112K
  class space    used 9067K, committed 9280K, reserved 1048576K
}
Event: 30339.615 GC heap after
{Heap after GC invocations=2906 (full 2829):
 garbage-first heap   total 130048K, used 44718K [0x00000000c0000000, 0x0000000100000000)
  region size 1024K, 0 young (0K), 0 survivors (0K)
 Metaspace       used 66819K, committed 67328K, reserved 1114112K
  class space    used 9067K, committed 9280K, reserved 1048576K
}
Event: 30350.732 GC heap before
{Heap before GC invocations=2906 (full 2829):
 garbage-first heap   total 130048K, used 44718K [0x00000000c0000000, 0x0000000100000000)
  region size 1024K, 1 young (1024K), 0 survivors (0K)
 Metaspace       used 66819K, committed 67328K, reserved 1114112K
  class space    used 9067K, committed 9280K, reserved 1048576K
}
Event: 30350.787 GC heap after
{Heap after GC invocations=2907 (full 2830):
 garbage-first heap   total 130048K, used 44718K [0x00000000c0000000, 0x0000000100000000)
  region size 1024K, 0 young (0K), 0 survivors (0K)
 Metaspace       used 66819K, committed 67328K, reserved 1114112K
  class space    used 9067K, committed 9280K, reserved 1048576K
}
Event: 30361.663 GC heap before
{Heap before GC invocations=2907 (full 2830):
 garbage-first heap   total 130048K, used 44718K [0x00000000c0000000, 0x0000000100000000)
  region size 1024K, 1 young (1024K), 0 survivors (0K)
 Metaspace       used 66819K, committed 67328K, reserved 1114112K
  class space    used 9067K, committed 9280K, reserved 1048576K
}
Event: 30361.717 GC heap after
{Heap after GC invocations=2908 (full 2831):
 garbage-first heap   total 130048K, used 44718K [0x00000000c0000000, 0x0000000100000000)
  region size 1024K, 0 young (0K), 0 survivors (0K)
 Metaspace       used 66819K, committed 67328K, reserved 1114112K
  class space    used 9067K, committed 9280K, reserved 1048576K
}
Event: 30372.501 GC heap before
{Heap before GC invocations=2908 (full 2831):
 garbage-first heap   total 130048K, used 44718K [0x00000000c0000000, 0x0000000100000000)
  region size 1024K, 1 young (1024K), 0 survivors (0K)
 Metaspace       used 66819K, committed 67328K, reserved 1114112K
  class space    used 9067K, committed 9280K, reserved 1048576K
}
Event: 30372.557 GC heap after
{Heap after GC invocations=2909 (full 2832):
 garbage-first heap   total 130048K, used 44718K [0x00000000c0000000, 0x0000000100000000)
  region size 1024K, 0 young (0K), 0 survivors (0K)
 Metaspace       used 66819K, committed 67328K, reserved 1114112K
  class space    used 9067K, committed 9280K, reserved 1048576K
}

